<<<<<<< HEAD
  [1m[35m (0.1ms)[0m  [1m[34mSELECT sqlite_version(*)[0m
  ↳ /usr/lib/ruby/vendor_ruby/bootsnap/load_path_cache/core_ext/kernel_require.rb:23
  [1m[35m (80.7ms)[0m  [1m[35mCREATE TABLE "schema_migrations" ("version" varchar NOT NULL PRIMARY KEY)[0m
  ↳ /usr/lib/ruby/vendor_ruby/bootsnap/load_path_cache/core_ext/kernel_require.rb:23
  [1m[35m (81.8ms)[0m  [1m[35mCREATE TABLE "ar_internal_metadata" ("key" varchar NOT NULL PRIMARY KEY, "value" varchar, "created_at" datetime NOT NULL, "updated_at" datetime NOT NULL)[0m
  ↳ /usr/lib/ruby/vendor_ruby/bootsnap/load_path_cache/core_ext/kernel_require.rb:23
  [1m[35m (0.2ms)[0m  [1m[34mSELECT "schema_migrations"."version" FROM "schema_migrations" ORDER BY "schema_migrations"."version" ASC[0m
  ↳ /usr/lib/ruby/vendor_ruby/bootsnap/load_path_cache/core_ext/kernel_require.rb:23
Migrating to CreateUsers (20200827061006)
  [1m[35m (0.1ms)[0m  [1m[36mbegin transaction[0m
  ↳ /usr/lib/ruby/vendor_ruby/bootsnap/load_path_cache/core_ext/kernel_require.rb:23
  [1m[35m (0.3ms)[0m  [1m[35mCREATE TABLE "users" ("id" integer PRIMARY KEY AUTOINCREMENT NOT NULL, "nams" varchar, "email" varchar)[0m
  ↳ db/migrate/20200827061006_create_users.rb:3
  [1m[36mActiveRecord::SchemaMigration Create (0.2ms)[0m  [1m[32mINSERT INTO "schema_migrations" ("version") VALUES (?)[0m  [["version", "20200827061006"]]
  ↳ /usr/lib/ruby/vendor_ruby/bootsnap/load_path_cache/core_ext/kernel_require.rb:23
  [1m[35m (89.9ms)[0m  [1m[36mcommit transaction[0m
  ↳ /usr/lib/ruby/vendor_ruby/bootsnap/load_path_cache/core_ext/kernel_require.rb:23
  [1m[36mActiveRecord::InternalMetadata Load (0.4ms)[0m  [1m[34mSELECT  "ar_internal_metadata".* FROM "ar_internal_metadata" WHERE "ar_internal_metadata"."key" = ? LIMIT ?[0m  [["key", "environment"], ["LIMIT", 1]]
  ↳ /usr/lib/ruby/vendor_ruby/bootsnap/load_path_cache/core_ext/kernel_require.rb:23
  [1m[35m (0.1ms)[0m  [1m[36mbegin transaction[0m
  ↳ /usr/lib/ruby/vendor_ruby/bootsnap/load_path_cache/core_ext/kernel_require.rb:23
  [1m[36mActiveRecord::InternalMetadata Create (0.3ms)[0m  [1m[32mINSERT INTO "ar_internal_metadata" ("key", "value", "created_at", "updated_at") VALUES (?, ?, ?, ?)[0m  [["key", "environment"], ["value", "development"], ["created_at", "2020-08-27 06:13:10.494469"], ["updated_at", "2020-08-27 06:13:10.494469"]]
  ↳ /usr/lib/ruby/vendor_ruby/bootsnap/load_path_cache/core_ext/kernel_require.rb:23
  [1m[35m (58.7ms)[0m  [1m[36mcommit transaction[0m
  ↳ /usr/lib/ruby/vendor_ruby/bootsnap/load_path_cache/core_ext/kernel_require.rb:23
  [1m[35m (0.4ms)[0m  [1m[34mSELECT "schema_migrations"."version" FROM "schema_migrations" ORDER BY "schema_migrations"."version" ASC[0m
  ↳ /usr/lib/ruby/vendor_ruby/bootsnap/load_path_cache/core_ext/kernel_require.rb:23
  [1m[35m (0.1ms)[0m  [1m[34mSELECT "schema_migrations"."version" FROM "schema_migrations" ORDER BY "schema_migrations"."version" ASC[0m
  ↳ /usr/lib/ruby/vendor_ruby/bootsnap/load_path_cache/core_ext/kernel_require.rb:23
  [1m[35m (0.2ms)[0m  [1m[34mSELECT "ar_internal_metadata"."value" FROM "ar_internal_metadata" WHERE "ar_internal_metadata"."key" = ?[0m  [["key", "environment"]]
  ↳ /usr/lib/ruby/vendor_ruby/bootsnap/load_path_cache/core_ext/kernel_require.rb:23
  [1m[35m (0.1ms)[0m  [1m[34mSELECT "schema_migrations"."version" FROM "schema_migrations" ORDER BY "schema_migrations"."version" ASC[0m
  ↳ /usr/lib/ruby/vendor_ruby/bootsnap/load_path_cache/core_ext/kernel_require.rb:23
  [1m[35m (0.1ms)[0m  [1m[34mSELECT "ar_internal_metadata"."value" FROM "ar_internal_metadata" WHERE "ar_internal_metadata"."key" = ?[0m  [["key", "environment"]]
  ↳ /usr/lib/ruby/vendor_ruby/bootsnap/load_path_cache/core_ext/kernel_require.rb:23
  [1m[35m (0.0ms)[0m  [1m[34mSELECT "schema_migrations"."version" FROM "schema_migrations" ORDER BY "schema_migrations"."version" ASC[0m
  ↳ /usr/lib/ruby/vendor_ruby/bootsnap/load_path_cache/core_ext/kernel_require.rb:23
  [1m[35m (0.1ms)[0m  [1m[34mSELECT "ar_internal_metadata"."value" FROM "ar_internal_metadata" WHERE "ar_internal_metadata"."key" = ?[0m  [["key", "environment"]]
  ↳ /usr/lib/ruby/vendor_ruby/bootsnap/load_path_cache/core_ext/kernel_require.rb:23
  [1m[35m (119.9ms)[0m  [1m[35mDROP TABLE IF EXISTS "users"[0m
  ↳ db/schema.rb:15
  [1m[35m (0.1ms)[0m  [1m[34mSELECT sqlite_version(*)[0m
  ↳ db/schema.rb:15
  [1m[35m (78.1ms)[0m  [1m[35mCREATE TABLE "users" ("id" integer PRIMARY KEY AUTOINCREMENT NOT NULL, "nams" varchar, "email" varchar)[0m
  ↳ db/schema.rb:15
  [1m[35m (0.2ms)[0m  [1m[34mSELECT "schema_migrations"."version" FROM "schema_migrations" ORDER BY "schema_migrations"."version" ASC[0m
  ↳ db/schema.rb:13
  [1m[36mActiveRecord::InternalMetadata Load (0.3ms)[0m  [1m[34mSELECT  "ar_internal_metadata".* FROM "ar_internal_metadata" WHERE "ar_internal_metadata"."key" = ? LIMIT ?[0m  [["key", "environment"], ["LIMIT", 1]]
  ↳ db/schema.rb:13
  [1m[35m (0.1ms)[0m  [1m[36mbegin transaction[0m
  ↳ db/schema.rb:13
  [1m[35m (0.0ms)[0m  [1m[36mcommit transaction[0m
  ↳ db/schema.rb:13
  [1m[36mActiveRecord::InternalMetadata Load (0.1ms)[0m  [1m[34mSELECT  "ar_internal_metadata".* FROM "ar_internal_metadata" WHERE "ar_internal_metadata"."key" = ? LIMIT ?[0m  [["key", "environment"], ["LIMIT", 1]]
  ↳ /usr/lib/ruby/vendor_ruby/bootsnap/load_path_cache/core_ext/kernel_require.rb:23
  [1m[35m (0.1ms)[0m  [1m[36mbegin transaction[0m
  ↳ /usr/lib/ruby/vendor_ruby/bootsnap/load_path_cache/core_ext/kernel_require.rb:23
  [1m[35m (0.0ms)[0m  [1m[36mcommit transaction[0m
  ↳ /usr/lib/ruby/vendor_ruby/bootsnap/load_path_cache/core_ext/kernel_require.rb:23
  [1m[35m (0.1ms)[0m  [1m[35mDROP TABLE IF EXISTS "users"[0m
  ↳ db/schema.rb:15
  [1m[35m (0.1ms)[0m  [1m[34mSELECT sqlite_version(*)[0m
  ↳ db/schema.rb:15
  [1m[35m (51.6ms)[0m  [1m[35mCREATE TABLE "users" ("id" integer PRIMARY KEY AUTOINCREMENT NOT NULL, "nams" varchar, "email" varchar)[0m
  ↳ db/schema.rb:15
  [1m[35m (96.8ms)[0m  [1m[35mCREATE TABLE "schema_migrations" ("version" varchar NOT NULL PRIMARY KEY)[0m
  ↳ db/schema.rb:13
  [1m[35m (0.4ms)[0m  [1m[34mSELECT "schema_migrations"."version" FROM "schema_migrations" ORDER BY "schema_migrations"."version" ASC[0m
  ↳ db/schema.rb:13
  [1m[35m (63.9ms)[0m  [1m[32mINSERT INTO "schema_migrations" (version) VALUES (20200827061006)[0m
  ↳ db/schema.rb:13
  [1m[35m (96.7ms)[0m  [1m[35mCREATE TABLE "ar_internal_metadata" ("key" varchar NOT NULL PRIMARY KEY, "value" varchar, "created_at" datetime NOT NULL, "updated_at" datetime NOT NULL)[0m
  ↳ db/schema.rb:13
  [1m[36mActiveRecord::InternalMetadata Load (0.4ms)[0m  [1m[34mSELECT  "ar_internal_metadata".* FROM "ar_internal_metadata" WHERE "ar_internal_metadata"."key" = ? LIMIT ?[0m  [["key", "environment"], ["LIMIT", 1]]
  ↳ db/schema.rb:13
  [1m[35m (0.5ms)[0m  [1m[36mbegin transaction[0m
  ↳ db/schema.rb:13
  [1m[36mActiveRecord::InternalMetadata Create (0.6ms)[0m  [1m[32mINSERT INTO "ar_internal_metadata" ("key", "value", "created_at", "updated_at") VALUES (?, ?, ?, ?)[0m  [["key", "environment"], ["value", "development"], ["created_at", "2020-08-27 06:13:51.334585"], ["updated_at", "2020-08-27 06:13:51.334585"]]
  ↳ db/schema.rb:13
  [1m[35m (93.0ms)[0m  [1m[36mcommit transaction[0m
  ↳ db/schema.rb:13
  [1m[36mActiveRecord::InternalMetadata Load (0.2ms)[0m  [1m[34mSELECT  "ar_internal_metadata".* FROM "ar_internal_metadata" WHERE "ar_internal_metadata"."key" = ? LIMIT ?[0m  [["key", "environment"], ["LIMIT", 1]]
  ↳ /usr/lib/ruby/vendor_ruby/bootsnap/load_path_cache/core_ext/kernel_require.rb:23
  [1m[35m (0.1ms)[0m  [1m[36mbegin transaction[0m
  ↳ /usr/lib/ruby/vendor_ruby/bootsnap/load_path_cache/core_ext/kernel_require.rb:23
  [1m[36mActiveRecord::InternalMetadata Update (0.8ms)[0m  [1m[33mUPDATE "ar_internal_metadata" SET "value" = ?, "updated_at" = ? WHERE "ar_internal_metadata"."key" = ?[0m  [["value", "test"], ["updated_at", "2020-08-27 06:13:51.437280"], ["key", "environment"]]
  ↳ /usr/lib/ruby/vendor_ruby/bootsnap/load_path_cache/core_ext/kernel_require.rb:23
  [1m[35m (100.3ms)[0m  [1m[36mcommit transaction[0m
  ↳ /usr/lib/ruby/vendor_ruby/bootsnap/load_path_cache/core_ext/kernel_require.rb:23
  [1m[35m (0.3ms)[0m  [1m[34mSELECT "schema_migrations"."version" FROM "schema_migrations" ORDER BY "schema_migrations"."version" ASC[0m
  ↳ /usr/lib/ruby/vendor_ruby/bootsnap/load_path_cache/core_ext/kernel_require.rb:23
  [1m[35m (1.7ms)[0m  [1m[34mSELECT "schema_migrations"."version" FROM "schema_migrations" ORDER BY "schema_migrations"."version" ASC[0m
  ↳ /usr/lib/ruby/vendor_ruby/bootsnap/load_path_cache/core_ext/kernel_require.rb:23
Migrating to AddDetailsToUsers (20200827061905)
  [1m[35m (0.1ms)[0m  [1m[36mbegin transaction[0m
  ↳ /usr/lib/ruby/vendor_ruby/bootsnap/load_path_cache/core_ext/kernel_require.rb:23
  [1m[35m (1.6ms)[0m  [1m[35mALTER TABLE "users" ADD "age" integer[0m
  ↳ db/migrate/20200827061905_add_details_to_users.rb:3
  [1m[35m (0.2ms)[0m  [1m[35mALTER TABLE "users" ADD "phone_number" varchar[0m
  ↳ db/migrate/20200827061905_add_details_to_users.rb:4
  [1m[35m (0.2ms)[0m  [1m[35mALTER TABLE "users" ADD "gender" varchar[0m
  ↳ db/migrate/20200827061905_add_details_to_users.rb:5
  [1m[36mActiveRecord::SchemaMigration Create (0.2ms)[0m  [1m[32mINSERT INTO "schema_migrations" ("version") VALUES (?)[0m  [["version", "20200827061905"]]
  ↳ /usr/lib/ruby/vendor_ruby/bootsnap/load_path_cache/core_ext/kernel_require.rb:23
  [1m[35m (82.0ms)[0m  [1m[36mcommit transaction[0m
  ↳ /usr/lib/ruby/vendor_ruby/bootsnap/load_path_cache/core_ext/kernel_require.rb:23
  [1m[36mActiveRecord::InternalMetadata Load (2.7ms)[0m  [1m[34mSELECT  "ar_internal_metadata".* FROM "ar_internal_metadata" WHERE "ar_internal_metadata"."key" = ? LIMIT ?[0m  [["key", "environment"], ["LIMIT", 1]]
  ↳ /usr/lib/ruby/vendor_ruby/bootsnap/load_path_cache/core_ext/kernel_require.rb:23
  [1m[35m (0.1ms)[0m  [1m[36mbegin transaction[0m
  ↳ /usr/lib/ruby/vendor_ruby/bootsnap/load_path_cache/core_ext/kernel_require.rb:23
  [1m[35m (0.1ms)[0m  [1m[36mcommit transaction[0m
  ↳ /usr/lib/ruby/vendor_ruby/bootsnap/load_path_cache/core_ext/kernel_require.rb:23
  [1m[35m (0.3ms)[0m  [1m[34mSELECT "schema_migrations"."version" FROM "schema_migrations" ORDER BY "schema_migrations"."version" ASC[0m
  ↳ /usr/lib/ruby/vendor_ruby/bootsnap/load_path_cache/core_ext/kernel_require.rb:23
  [1m[35m (0.1ms)[0m  [1m[34mSELECT "schema_migrations"."version" FROM "schema_migrations" ORDER BY "schema_migrations"."version" ASC[0m
  ↳ /usr/lib/ruby/vendor_ruby/bootsnap/load_path_cache/core_ext/kernel_require.rb:23
  [1m[35m (1.3ms)[0m  [1m[34mSELECT "ar_internal_metadata"."value" FROM "ar_internal_metadata" WHERE "ar_internal_metadata"."key" = ?[0m  [["key", "environment"]]
  ↳ /usr/lib/ruby/vendor_ruby/bootsnap/load_path_cache/core_ext/kernel_require.rb:23
  [1m[35m (0.0ms)[0m  [1m[34mSELECT "schema_migrations"."version" FROM "schema_migrations" ORDER BY "schema_migrations"."version" ASC[0m
  ↳ /usr/lib/ruby/vendor_ruby/bootsnap/load_path_cache/core_ext/kernel_require.rb:23
  [1m[35m (0.1ms)[0m  [1m[34mSELECT "ar_internal_metadata"."value" FROM "ar_internal_metadata" WHERE "ar_internal_metadata"."key" = ?[0m  [["key", "environment"]]
  ↳ /usr/lib/ruby/vendor_ruby/bootsnap/load_path_cache/core_ext/kernel_require.rb:23
  [1m[35m (0.1ms)[0m  [1m[34mSELECT "schema_migrations"."version" FROM "schema_migrations" ORDER BY "schema_migrations"."version" ASC[0m
  ↳ /usr/lib/ruby/vendor_ruby/bootsnap/load_path_cache/core_ext/kernel_require.rb:23
  [1m[35m (0.1ms)[0m  [1m[34mSELECT "ar_internal_metadata"."value" FROM "ar_internal_metadata" WHERE "ar_internal_metadata"."key" = ?[0m  [["key", "environment"]]
  ↳ /usr/lib/ruby/vendor_ruby/bootsnap/load_path_cache/core_ext/kernel_require.rb:23
  [1m[35m (0.1ms)[0m  [1m[35mDROP TABLE IF EXISTS "users"[0m
  ↳ db/schema.rb:15
  [1m[35m (0.1ms)[0m  [1m[34mSELECT sqlite_version(*)[0m
  ↳ db/schema.rb:15
  [1m[35m (94.9ms)[0m  [1m[35mCREATE TABLE "users" ("id" integer PRIMARY KEY AUTOINCREMENT NOT NULL, "nams" varchar, "email" varchar, "age" integer, "phone_number" varchar, "gender" varchar)[0m
  ↳ db/schema.rb:15
  [1m[35m (110.7ms)[0m  [1m[35mCREATE TABLE "schema_migrations" ("version" varchar NOT NULL PRIMARY KEY)[0m
  ↳ db/schema.rb:13
  [1m[35m (0.5ms)[0m  [1m[34mSELECT "schema_migrations"."version" FROM "schema_migrations" ORDER BY "schema_migrations"."version" ASC[0m
  ↳ db/schema.rb:13
  [1m[35m (104.8ms)[0m  [1m[32mINSERT INTO "schema_migrations" (version) VALUES (20200827061905)[0m
  ↳ db/schema.rb:13
  [1m[35m (71.3ms)[0m  [1m[35mCREATE TABLE "ar_internal_metadata" ("key" varchar NOT NULL PRIMARY KEY, "value" varchar, "created_at" datetime NOT NULL, "updated_at" datetime NOT NULL)[0m
  ↳ db/schema.rb:13
  [1m[36mActiveRecord::InternalMetadata Load (0.3ms)[0m  [1m[34mSELECT  "ar_internal_metadata".* FROM "ar_internal_metadata" WHERE "ar_internal_metadata"."key" = ? LIMIT ?[0m  [["key", "environment"], ["LIMIT", 1]]
  ↳ db/schema.rb:13
  [1m[35m (0.1ms)[0m  [1m[36mbegin transaction[0m
  ↳ db/schema.rb:13
  [1m[36mActiveRecord::InternalMetadata Create (0.5ms)[0m  [1m[32mINSERT INTO "ar_internal_metadata" ("key", "value", "created_at", "updated_at") VALUES (?, ?, ?, ?)[0m  [["key", "environment"], ["value", "development"], ["created_at", "2020-08-27 06:28:06.344608"], ["updated_at", "2020-08-27 06:28:06.344608"]]
  ↳ db/schema.rb:13
  [1m[35m (73.5ms)[0m  [1m[36mcommit transaction[0m
  ↳ db/schema.rb:13
  [1m[36mActiveRecord::InternalMetadata Load (0.2ms)[0m  [1m[34mSELECT  "ar_internal_metadata".* FROM "ar_internal_metadata" WHERE "ar_internal_metadata"."key" = ? LIMIT ?[0m  [["key", "environment"], ["LIMIT", 1]]
  ↳ /usr/lib/ruby/vendor_ruby/bootsnap/load_path_cache/core_ext/kernel_require.rb:23
  [1m[35m (0.1ms)[0m  [1m[36mbegin transaction[0m
  ↳ /usr/lib/ruby/vendor_ruby/bootsnap/load_path_cache/core_ext/kernel_require.rb:23
  [1m[35m (0.1ms)[0m  [1m[36mcommit transaction[0m
  ↳ /usr/lib/ruby/vendor_ruby/bootsnap/load_path_cache/core_ext/kernel_require.rb:23
  [1m[35m (0.1ms)[0m  [1m[35mDROP TABLE IF EXISTS "users"[0m
  ↳ db/schema.rb:15
  [1m[35m (0.1ms)[0m  [1m[34mSELECT sqlite_version(*)[0m
  ↳ db/schema.rb:15
  [1m[35m (79.8ms)[0m  [1m[35mCREATE TABLE "users" ("id" integer PRIMARY KEY AUTOINCREMENT NOT NULL, "nams" varchar, "email" varchar, "age" integer, "phone_number" varchar, "gender" varchar)[0m
  ↳ db/schema.rb:15
  [1m[35m (76.4ms)[0m  [1m[35mCREATE TABLE "schema_migrations" ("version" varchar NOT NULL PRIMARY KEY)[0m
  ↳ db/schema.rb:13
  [1m[35m (0.4ms)[0m  [1m[34mSELECT "schema_migrations"."version" FROM "schema_migrations" ORDER BY "schema_migrations"."version" ASC[0m
  ↳ db/schema.rb:13
  [1m[35m (69.8ms)[0m  [1m[32mINSERT INTO "schema_migrations" (version) VALUES (20200827061905)[0m
  ↳ db/schema.rb:13
  [1m[35m (99.1ms)[0m  [1m[35mCREATE TABLE "ar_internal_metadata" ("key" varchar NOT NULL PRIMARY KEY, "value" varchar, "created_at" datetime NOT NULL, "updated_at" datetime NOT NULL)[0m
  ↳ db/schema.rb:13
  [1m[36mActiveRecord::InternalMetadata Load (0.5ms)[0m  [1m[34mSELECT  "ar_internal_metadata".* FROM "ar_internal_metadata" WHERE "ar_internal_metadata"."key" = ? LIMIT ?[0m  [["key", "environment"], ["LIMIT", 1]]
  ↳ db/schema.rb:13
  [1m[35m (0.2ms)[0m  [1m[36mbegin transaction[0m
  ↳ db/schema.rb:13
  [1m[36mActiveRecord::InternalMetadata Create (0.7ms)[0m  [1m[32mINSERT INTO "ar_internal_metadata" ("key", "value", "created_at", "updated_at") VALUES (?, ?, ?, ?)[0m  [["key", "environment"], ["value", "development"], ["created_at", "2020-08-27 06:28:06.779352"], ["updated_at", "2020-08-27 06:28:06.779352"]]
  ↳ db/schema.rb:13
  [1m[35m (93.3ms)[0m  [1m[36mcommit transaction[0m
  ↳ db/schema.rb:13
  [1m[36mActiveRecord::InternalMetadata Load (0.2ms)[0m  [1m[34mSELECT  "ar_internal_metadata".* FROM "ar_internal_metadata" WHERE "ar_internal_metadata"."key" = ? LIMIT ?[0m  [["key", "environment"], ["LIMIT", 1]]
  ↳ /usr/lib/ruby/vendor_ruby/bootsnap/load_path_cache/core_ext/kernel_require.rb:23
  [1m[35m (0.1ms)[0m  [1m[36mbegin transaction[0m
  ↳ /usr/lib/ruby/vendor_ruby/bootsnap/load_path_cache/core_ext/kernel_require.rb:23
  [1m[36mActiveRecord::InternalMetadata Update (2.6ms)[0m  [1m[33mUPDATE "ar_internal_metadata" SET "value" = ?, "updated_at" = ? WHERE "ar_internal_metadata"."key" = ?[0m  [["value", "test"], ["updated_at", "2020-08-27 06:28:06.883662"], ["key", "environment"]]
  ↳ /usr/lib/ruby/vendor_ruby/bootsnap/load_path_cache/core_ext/kernel_require.rb:23
  [1m[35m (75.1ms)[0m  [1m[36mcommit transaction[0m
  ↳ /usr/lib/ruby/vendor_ruby/bootsnap/load_path_cache/core_ext/kernel_require.rb:23
  [1m[35m (0.2ms)[0m  [1m[34mSELECT "schema_migrations"."version" FROM "schema_migrations" ORDER BY "schema_migrations"."version" ASC[0m
  ↳ /usr/lib/ruby/vendor_ruby/bootsnap/load_path_cache/core_ext/kernel_require.rb:23
Started GET "/" for ::1 at 2020-08-27 14:36:09 +0800
Processing by Rails::WelcomeController#index as HTML
  Rendering /usr/share/rubygems-integration/all/gems/railties-5.2.3/lib/rails/templates/rails/welcome/index.html.erb
  Rendered /usr/share/rubygems-integration/all/gems/railties-5.2.3/lib/rails/templates/rails/welcome/index.html.erb (4.0ms)
Completed 200 OK in 29ms (Views: 6.9ms | ActiveRecord: 0.0ms)


Started GET "/" for ::1 at 2020-08-27 14:37:23 +0800
Processing by Rails::WelcomeController#index as HTML
  Rendering /usr/share/rubygems-integration/all/gems/railties-5.2.3/lib/rails/templates/rails/welcome/index.html.erb
  Rendered /usr/share/rubygems-integration/all/gems/railties-5.2.3/lib/rails/templates/rails/welcome/index.html.erb (2.4ms)
Completed 200 OK in 9ms (Views: 4.2ms | ActiveRecord: 0.0ms)


Started GET "/" for ::1 at 2020-08-27 14:37:48 +0800
Processing by StaticPagesController#home as HTML
  Rendering static_pages/home.html.erb within layouts/application
  Rendered static_pages/home.html.erb within layouts/application (0.3ms)
Started GET "/" for ::1 at 2020-08-27 14:37:49 +0800
Completed 200 OK in 2330ms (Views: 2329.6ms | ActiveRecord: 0.0ms)


Processing by StaticPagesController#home as HTML
  Rendering static_pages/home.html.erb within layouts/application
  Rendered static_pages/home.html.erb within layouts/application (0.6ms)
Completed 200 OK in 14ms (Views: 13.4ms | ActiveRecord: 0.0ms)


Started GET "/" for ::1 at 2020-08-27 14:41:00 +0800
Processing by StaticPagesController#home as HTML
  Rendering static_pages/home.html.erb within layouts/application
  Rendered static_pages/home.html.erb within layouts/application (1.3ms)
Completed 200 OK in 43ms (Views: 40.2ms | ActiveRecord: 0.0ms)


Started GET "/" for ::1 at 2020-08-27 14:47:21 +0800
Processing by StaticPagesController#home as HTML
  Rendering static_pages/home.html.erb within layouts/application
  Rendered static_pages/home.html.erb within layouts/application (0.7ms)
Completed 200 OK in 40ms (Views: 38.4ms | ActiveRecord: 0.0ms)


Started GET "/" for ::1 at 2020-08-27 14:47:22 +0800
Processing by StaticPagesController#home as HTML
  Rendering static_pages/home.html.erb within layouts/application
  Rendered static_pages/home.html.erb within layouts/application (1.1ms)
Completed 200 OK in 66ms (Views: 62.6ms | ActiveRecord: 0.0ms)


Started GET "/" for ::1 at 2020-08-27 14:47:23 +0800
Processing by StaticPagesController#home as HTML
  Rendering static_pages/home.html.erb within layouts/application
  Rendered static_pages/home.html.erb within layouts/application (0.7ms)
Completed 200 OK in 47ms (Views: 40.0ms | ActiveRecord: 0.0ms)


Started GET "/" for ::1 at 2020-08-27 14:47:34 +0800
Processing by StaticPagesController#home as HTML
  Rendering static_pages/home.html.erb within layouts/application
  Rendered static_pages/home.html.erb within layouts/application (0.8ms)
Completed 500 Internal Server Error in 35ms (ActiveRecord: 0.0ms)


  
SyntaxError (/home/mizu/Desktop/sample_app/app/views/layouts/application.html.erb:4: syntax error, unexpected constant, expecting `do' or '{' or '('
...d=(yield(:title)>Rails Tutorial</title>
...                       ^~~~~~~~
/home/mizu/Desktop/sample_app/app/views/layouts/application.html.erb:10: unknown regexp options - had
  </head>
   ^~~~~
/home/mizu/Desktop/sample_app/app/views/layouts/application.html.erb:10: unmatched close parenthesis: /title>
    <%= csrf_meta_tags );@output_buffer.safe_append='
    '.freeze;@output_buffer.append=( csp_meta_tag );@output_buffer.safe_append='

    '.freeze;@output_buffer.append=( stylesheet_link_tag    'application', media: 'all', 'data-turbolinks-track': 'reload' );@output_buffer.safe_append='
    '.freeze;@output_buffer.append=( javascript_include_tag 'application', 'data-turbolinks-track': 'reload' );@output_buffer.safe_append='
  </
/home/mizu/Desktop/sample_app/app/views/layouts/application.html.erb:12: syntax error, unexpected '<'
  <body>
  ^
/home/mizu/Desktop/sample_app/app/views/layouts/application.html.erb:14: syntax error, unexpected '<', expecting ')'
  </body>
  ^
/home/mizu/Desktop/sample_app/app/views/layouts/application.html.erb:15: unknown regexp options - htl
</html>
 ^~~~~
/home/mizu/Desktop/sample_app/app/views/layouts/application.html.erb:20: unterminated string meets end of file
          end
             ^
/home/mizu/Desktop/sample_app/app/views/layouts/application.html.erb:20: syntax error, unexpected end-of-input, expecting ')'):
  
app/views/layouts/application.html.erb:4: syntax error, unexpected constant, expecting `do' or '{' or '('
app/views/layouts/application.html.erb:10: unknown regexp options - had
app/views/layouts/application.html.erb:10: unmatched close parenthesis: /title>
app/views/layouts/application.html.erb:12: syntax error, unexpected '<'
app/views/layouts/application.html.erb:14: syntax error, unexpected '<', expecting ')'
app/views/layouts/application.html.erb:15: unknown regexp options - htl
app/views/layouts/application.html.erb:20: unterminated string meets end of file
app/views/layouts/application.html.erb:20: syntax error, unexpected end-of-input, expecting ')'
Started GET "/" for ::1 at 2020-08-27 14:47:35 +0800
Processing by StaticPagesController#home as HTML
  Rendering static_pages/home.html.erb within layouts/application
  Rendered static_pages/home.html.erb within layouts/application (0.8ms)
Completed 500 Internal Server Error in 7ms (ActiveRecord: 0.0ms)


  
SyntaxError (/home/mizu/Desktop/sample_app/app/views/layouts/application.html.erb:4: syntax error, unexpected constant, expecting `do' or '{' or '('
...d=(yield(:title)>Rails Tutorial</title>
...                       ^~~~~~~~
/home/mizu/Desktop/sample_app/app/views/layouts/application.html.erb:10: unknown regexp options - had
  </head>
   ^~~~~
/home/mizu/Desktop/sample_app/app/views/layouts/application.html.erb:10: unmatched close parenthesis: /title>
    <%= csrf_meta_tags );@output_buffer.safe_append='
    '.freeze;@output_buffer.append=( csp_meta_tag );@output_buffer.safe_append='

    '.freeze;@output_buffer.append=( stylesheet_link_tag    'application', media: 'all', 'data-turbolinks-track': 'reload' );@output_buffer.safe_append='
    '.freeze;@output_buffer.append=( javascript_include_tag 'application', 'data-turbolinks-track': 'reload' );@output_buffer.safe_append='
  </
/home/mizu/Desktop/sample_app/app/views/layouts/application.html.erb:12: syntax error, unexpected '<'
  <body>
  ^
/home/mizu/Desktop/sample_app/app/views/layouts/application.html.erb:14: syntax error, unexpected '<', expecting ')'
  </body>
  ^
/home/mizu/Desktop/sample_app/app/views/layouts/application.html.erb:15: unknown regexp options - htl
</html>
 ^~~~~
/home/mizu/Desktop/sample_app/app/views/layouts/application.html.erb:20: unterminated string meets end of file
          end
             ^
/home/mizu/Desktop/sample_app/app/views/layouts/application.html.erb:20: syntax error, unexpected end-of-input, expecting ')'):
  
app/views/layouts/application.html.erb:4: syntax error, unexpected constant, expecting `do' or '{' or '('
app/views/layouts/application.html.erb:10: unknown regexp options - had
app/views/layouts/application.html.erb:10: unmatched close parenthesis: /title>
app/views/layouts/application.html.erb:12: syntax error, unexpected '<'
app/views/layouts/application.html.erb:14: syntax error, unexpected '<', expecting ')'
app/views/layouts/application.html.erb:15: unknown regexp options - htl
app/views/layouts/application.html.erb:20: unterminated string meets end of file
app/views/layouts/application.html.erb:20: syntax error, unexpected end-of-input, expecting ')'
Started GET "/" for ::1 at 2020-08-27 14:47:36 +0800
Processing by StaticPagesController#home as HTML
  Rendering static_pages/home.html.erb within layouts/application
  Rendered static_pages/home.html.erb within layouts/application (0.5ms)
Completed 500 Internal Server Error in 7ms (ActiveRecord: 0.0ms)


  
SyntaxError (/home/mizu/Desktop/sample_app/app/views/layouts/application.html.erb:4: syntax error, unexpected constant, expecting `do' or '{' or '('
...d=(yield(:title)>Rails Tutorial</title>
...                       ^~~~~~~~
/home/mizu/Desktop/sample_app/app/views/layouts/application.html.erb:10: unknown regexp options - had
  </head>
   ^~~~~
/home/mizu/Desktop/sample_app/app/views/layouts/application.html.erb:10: unmatched close parenthesis: /title>
    <%= csrf_meta_tags );@output_buffer.safe_append='
    '.freeze;@output_buffer.append=( csp_meta_tag );@output_buffer.safe_append='

    '.freeze;@output_buffer.append=( stylesheet_link_tag    'application', media: 'all', 'data-turbolinks-track': 'reload' );@output_buffer.safe_append='
    '.freeze;@output_buffer.append=( javascript_include_tag 'application', 'data-turbolinks-track': 'reload' );@output_buffer.safe_append='
  </
/home/mizu/Desktop/sample_app/app/views/layouts/application.html.erb:12: syntax error, unexpected '<'
  <body>
  ^
/home/mizu/Desktop/sample_app/app/views/layouts/application.html.erb:14: syntax error, unexpected '<', expecting ')'
  </body>
  ^
/home/mizu/Desktop/sample_app/app/views/layouts/application.html.erb:15: unknown regexp options - htl
</html>
 ^~~~~
/home/mizu/Desktop/sample_app/app/views/layouts/application.html.erb:20: unterminated string meets end of file
          end
             ^
/home/mizu/Desktop/sample_app/app/views/layouts/application.html.erb:20: syntax error, unexpected end-of-input, expecting ')'):
  
app/views/layouts/application.html.erb:4: syntax error, unexpected constant, expecting `do' or '{' or '('
app/views/layouts/application.html.erb:10: unknown regexp options - had
app/views/layouts/application.html.erb:10: unmatched close parenthesis: /title>
app/views/layouts/application.html.erb:12: syntax error, unexpected '<'
app/views/layouts/application.html.erb:14: syntax error, unexpected '<', expecting ')'
app/views/layouts/application.html.erb:15: unknown regexp options - htl
app/views/layouts/application.html.erb:20: unterminated string meets end of file
app/views/layouts/application.html.erb:20: syntax error, unexpected end-of-input, expecting ')'
Started GET "/" for ::1 at 2020-08-27 14:47:37 +0800
Processing by StaticPagesController#home as HTML
  Rendering static_pages/home.html.erb within layouts/application
  Rendered static_pages/home.html.erb within layouts/application (0.8ms)
Completed 500 Internal Server Error in 9ms (ActiveRecord: 0.0ms)


  
SyntaxError (/home/mizu/Desktop/sample_app/app/views/layouts/application.html.erb:4: syntax error, unexpected constant, expecting `do' or '{' or '('
...d=(yield(:title)>Rails Tutorial</title>
...                       ^~~~~~~~
/home/mizu/Desktop/sample_app/app/views/layouts/application.html.erb:10: unknown regexp options - had
  </head>
   ^~~~~
/home/mizu/Desktop/sample_app/app/views/layouts/application.html.erb:10: unmatched close parenthesis: /title>
    <%= csrf_meta_tags );@output_buffer.safe_append='
    '.freeze;@output_buffer.append=( csp_meta_tag );@output_buffer.safe_append='

    '.freeze;@output_buffer.append=( stylesheet_link_tag    'application', media: 'all', 'data-turbolinks-track': 'reload' );@output_buffer.safe_append='
    '.freeze;@output_buffer.append=( javascript_include_tag 'application', 'data-turbolinks-track': 'reload' );@output_buffer.safe_append='
  </
/home/mizu/Desktop/sample_app/app/views/layouts/application.html.erb:12: syntax error, unexpected '<'
  <body>
  ^
/home/mizu/Desktop/sample_app/app/views/layouts/application.html.erb:14: syntax error, unexpected '<', expecting ')'
  </body>
  ^
/home/mizu/Desktop/sample_app/app/views/layouts/application.html.erb:15: unknown regexp options - htl
</html>
 ^~~~~
/home/mizu/Desktop/sample_app/app/views/layouts/application.html.erb:20: unterminated string meets end of file
          end
             ^
/home/mizu/Desktop/sample_app/app/views/layouts/application.html.erb:20: syntax error, unexpected end-of-input, expecting ')'):
  
app/views/layouts/application.html.erb:4: syntax error, unexpected constant, expecting `do' or '{' or '('
app/views/layouts/application.html.erb:10: unknown regexp options - had
app/views/layouts/application.html.erb:10: unmatched close parenthesis: /title>
app/views/layouts/application.html.erb:12: syntax error, unexpected '<'
app/views/layouts/application.html.erb:14: syntax error, unexpected '<', expecting ')'
app/views/layouts/application.html.erb:15: unknown regexp options - htl
app/views/layouts/application.html.erb:20: unterminated string meets end of file
app/views/layouts/application.html.erb:20: syntax error, unexpected end-of-input, expecting ')'
Started GET "/" for ::1 at 2020-08-27 14:48:13 +0800
Processing by StaticPagesController#home as HTML
  Rendering static_pages/home.html.erb within layouts/application
  Rendered static_pages/home.html.erb within layouts/application (1.4ms)
Completed 200 OK in 43ms (Views: 40.2ms | ActiveRecord: 0.0ms)


Started GET "/" for ::1 at 2020-08-27 14:48:15 +0800
Processing by StaticPagesController#home as HTML
  Rendering static_pages/home.html.erb within layouts/application
  Rendered static_pages/home.html.erb within layouts/application (0.8ms)
Completed 200 OK in 21ms (Views: 19.4ms | ActiveRecord: 0.0ms)


Started GET "/" for ::1 at 2020-08-27 14:48:51 +0800
Processing by StaticPagesController#home as HTML
  Rendering static_pages/home.html.erb within layouts/application
  Rendered static_pages/home.html.erb within layouts/application (0.7ms)
Completed 200 OK in 23ms (Views: 20.7ms | ActiveRecord: 0.0ms)


Started GET "/" for ::1 at 2020-08-27 15:01:22 +0800
Processing by StaticPagesController#home as HTML
  Rendering static_pages/home.html.erb within layouts/application
  Rendered static_pages/home.html.erb within layouts/application (1.1ms)
Completed 200 OK in 44ms (Views: 41.0ms | ActiveRecord: 0.0ms)


Started GET "/" for ::1 at 2020-08-27 15:07:07 +0800
Processing by StaticPagesController#home as HTML
  Rendering static_pages/home.html.erb within layouts/application
  Rendered static_pages/home.html.erb within layouts/application (0.6ms)
Completed 200 OK in 20ms (Views: 18.7ms | ActiveRecord: 0.0ms)


Started GET "/" for ::1 at 2020-08-27 15:07:36 +0800
Processing by StaticPagesController#home as HTML
  Rendering static_pages/home.html.erb within layouts/application
  Rendered static_pages/home.html.erb within layouts/application (0.6ms)
Completed 200 OK in 27ms (Views: 25.7ms | ActiveRecord: 0.0ms)


Started GET "/" for ::1 at 2020-08-27 15:07:39 +0800
Processing by StaticPagesController#home as HTML
  Rendering static_pages/home.html.erb within layouts/application
  Rendered static_pages/home.html.erb within layouts/application (0.7ms)
Completed 200 OK in 20ms (Views: 18.4ms | ActiveRecord: 0.0ms)


Started GET "/" for ::1 at 2020-08-27 15:12:44 +0800
Processing by StaticPagesController#home as HTML
  Rendering static_pages/home.html.erb within layouts/application
  Rendered static_pages/home.html.erb within layouts/application (0.5ms)
  Rendered layouts/_header.html.erb (0.4ms)
Completed 200 OK in 15ms (Views: 14.0ms | ActiveRecord: 0.0ms)


Started GET "/" for ::1 at 2020-08-27 15:12:51 +0800
Processing by StaticPagesController#home as HTML
  Rendering static_pages/home.html.erb within layouts/application
  Rendered static_pages/home.html.erb within layouts/application (1.1ms)
  Rendered layouts/_header.html.erb (1.7ms)
Completed 200 OK in 78ms (Views: 73.1ms | ActiveRecord: 0.0ms)


Started GET "/help" for ::1 at 2020-08-27 15:15:19 +0800
  
ActionController::RoutingError (No route matches [GET] "/help"):
  
actionpack (5.2.3) lib/action_dispatch/middleware/debug_exceptions.rb:65:in `call'
/usr/lib/ruby/vendor_ruby/web_console/middleware.rb:135:in `call_app'
/usr/lib/ruby/vendor_ruby/web_console/middleware.rb:30:in `block in call'
/usr/lib/ruby/vendor_ruby/web_console/middleware.rb:20:in `catch'
/usr/lib/ruby/vendor_ruby/web_console/middleware.rb:20:in `call'
actionpack (5.2.3) lib/action_dispatch/middleware/show_exceptions.rb:33:in `call'
railties (5.2.3) lib/rails/rack/logger.rb:38:in `call_app'
railties (5.2.3) lib/rails/rack/logger.rb:26:in `block in call'
activesupport (5.2.3) lib/active_support/tagged_logging.rb:71:in `block in tagged'
activesupport (5.2.3) lib/active_support/tagged_logging.rb:28:in `tagged'
activesupport (5.2.3) lib/active_support/tagged_logging.rb:71:in `tagged'
railties (5.2.3) lib/rails/rack/logger.rb:26:in `call'
/usr/lib/ruby/vendor_ruby/sprockets/rails/quiet_assets.rb:13:in `call'
actionpack (5.2.3) lib/action_dispatch/middleware/remote_ip.rb:81:in `call'
actionpack (5.2.3) lib/action_dispatch/middleware/request_id.rb:27:in `call'
/usr/lib/ruby/vendor_ruby/rack/method_override.rb:22:in `call'
/usr/lib/ruby/vendor_ruby/rack/runtime.rb:22:in `call'
activesupport (5.2.3) lib/active_support/cache/strategy/local_cache_middleware.rb:29:in `call'
actionpack (5.2.3) lib/action_dispatch/middleware/executor.rb:14:in `call'
actionpack (5.2.3) lib/action_dispatch/middleware/static.rb:127:in `call'
/usr/lib/ruby/vendor_ruby/rack/sendfile.rb:111:in `call'
railties (5.2.3) lib/rails/engine.rb:524:in `call'
/usr/lib/ruby/vendor_ruby/puma/configuration.rb:227:in `call'
/usr/lib/ruby/vendor_ruby/puma/server.rb:675:in `handle_request'
/usr/lib/ruby/vendor_ruby/puma/server.rb:476:in `process_client'
/usr/lib/ruby/vendor_ruby/puma/server.rb:334:in `block in run'
/usr/lib/ruby/vendor_ruby/puma/thread_pool.rb:135:in `block in spawn_thread'
Started GET "/static_page/help" for ::1 at 2020-08-27 15:16:54 +0800
  
ActionController::RoutingError (No route matches [GET] "/static_page/help"):
  
actionpack (5.2.3) lib/action_dispatch/middleware/debug_exceptions.rb:65:in `call'
/usr/lib/ruby/vendor_ruby/web_console/middleware.rb:135:in `call_app'
/usr/lib/ruby/vendor_ruby/web_console/middleware.rb:30:in `block in call'
/usr/lib/ruby/vendor_ruby/web_console/middleware.rb:20:in `catch'
/usr/lib/ruby/vendor_ruby/web_console/middleware.rb:20:in `call'
actionpack (5.2.3) lib/action_dispatch/middleware/show_exceptions.rb:33:in `call'
railties (5.2.3) lib/rails/rack/logger.rb:38:in `call_app'
railties (5.2.3) lib/rails/rack/logger.rb:26:in `block in call'
activesupport (5.2.3) lib/active_support/tagged_logging.rb:71:in `block in tagged'
activesupport (5.2.3) lib/active_support/tagged_logging.rb:28:in `tagged'
activesupport (5.2.3) lib/active_support/tagged_logging.rb:71:in `tagged'
railties (5.2.3) lib/rails/rack/logger.rb:26:in `call'
/usr/lib/ruby/vendor_ruby/sprockets/rails/quiet_assets.rb:13:in `call'
actionpack (5.2.3) lib/action_dispatch/middleware/remote_ip.rb:81:in `call'
actionpack (5.2.3) lib/action_dispatch/middleware/request_id.rb:27:in `call'
/usr/lib/ruby/vendor_ruby/rack/method_override.rb:22:in `call'
/usr/lib/ruby/vendor_ruby/rack/runtime.rb:22:in `call'
activesupport (5.2.3) lib/active_support/cache/strategy/local_cache_middleware.rb:29:in `call'
actionpack (5.2.3) lib/action_dispatch/middleware/executor.rb:14:in `call'
actionpack (5.2.3) lib/action_dispatch/middleware/static.rb:127:in `call'
/usr/lib/ruby/vendor_ruby/rack/sendfile.rb:111:in `call'
railties (5.2.3) lib/rails/engine.rb:524:in `call'
/usr/lib/ruby/vendor_ruby/puma/configuration.rb:227:in `call'
/usr/lib/ruby/vendor_ruby/puma/server.rb:675:in `handle_request'
/usr/lib/ruby/vendor_ruby/puma/server.rb:476:in `process_client'
/usr/lib/ruby/vendor_ruby/puma/server.rb:334:in `block in run'
/usr/lib/ruby/vendor_ruby/puma/thread_pool.rb:135:in `block in spawn_thread'
Started GET "/static_pages/help" for ::1 at 2020-08-27 15:17:11 +0800
Processing by StaticPagesController#help as HTML
  Rendering static_pages/help.html.erb within layouts/application
  Rendered static_pages/help.html.erb within layouts/application (0.6ms)
  Rendered layouts/_header.html.erb (0.4ms)
Completed 200 OK in 19ms (Views: 18.1ms | ActiveRecord: 0.0ms)


Started GET "/static_pages/contactus" for ::1 at 2020-08-27 15:17:24 +0800
  
ActionController::RoutingError (No route matches [GET] "/static_pages/contactus"):
  
actionpack (5.2.3) lib/action_dispatch/middleware/debug_exceptions.rb:65:in `call'
/usr/lib/ruby/vendor_ruby/web_console/middleware.rb:135:in `call_app'
/usr/lib/ruby/vendor_ruby/web_console/middleware.rb:30:in `block in call'
/usr/lib/ruby/vendor_ruby/web_console/middleware.rb:20:in `catch'
/usr/lib/ruby/vendor_ruby/web_console/middleware.rb:20:in `call'
actionpack (5.2.3) lib/action_dispatch/middleware/show_exceptions.rb:33:in `call'
railties (5.2.3) lib/rails/rack/logger.rb:38:in `call_app'
railties (5.2.3) lib/rails/rack/logger.rb:26:in `block in call'
activesupport (5.2.3) lib/active_support/tagged_logging.rb:71:in `block in tagged'
activesupport (5.2.3) lib/active_support/tagged_logging.rb:28:in `tagged'
activesupport (5.2.3) lib/active_support/tagged_logging.rb:71:in `tagged'
railties (5.2.3) lib/rails/rack/logger.rb:26:in `call'
/usr/lib/ruby/vendor_ruby/sprockets/rails/quiet_assets.rb:13:in `call'
actionpack (5.2.3) lib/action_dispatch/middleware/remote_ip.rb:81:in `call'
actionpack (5.2.3) lib/action_dispatch/middleware/request_id.rb:27:in `call'
/usr/lib/ruby/vendor_ruby/rack/method_override.rb:22:in `call'
/usr/lib/ruby/vendor_ruby/rack/runtime.rb:22:in `call'
activesupport (5.2.3) lib/active_support/cache/strategy/local_cache_middleware.rb:29:in `call'
actionpack (5.2.3) lib/action_dispatch/middleware/executor.rb:14:in `call'
actionpack (5.2.3) lib/action_dispatch/middleware/static.rb:127:in `call'
/usr/lib/ruby/vendor_ruby/rack/sendfile.rb:111:in `call'
railties (5.2.3) lib/rails/engine.rb:524:in `call'
/usr/lib/ruby/vendor_ruby/puma/configuration.rb:227:in `call'
/usr/lib/ruby/vendor_ruby/puma/server.rb:675:in `handle_request'
/usr/lib/ruby/vendor_ruby/puma/server.rb:476:in `process_client'
/usr/lib/ruby/vendor_ruby/puma/server.rb:334:in `block in run'
/usr/lib/ruby/vendor_ruby/puma/thread_pool.rb:135:in `block in spawn_thread'
Started GET "/static_pages/contact_us" for ::1 at 2020-08-27 15:17:31 +0800
Processing by StaticPagesController#contact_us as HTML
  Rendering static_pages/contact_us.html.erb within layouts/application
  Rendered static_pages/contact_us.html.erb within layouts/application (0.5ms)
  Rendered layouts/_header.html.erb (0.5ms)
Completed 200 OK in 20ms (Views: 19.0ms | ActiveRecord: 0.0ms)


Started GET "/static_pages/contact_us" for ::1 at 2020-08-27 15:18:32 +0800
Processing by StaticPagesController#contact_us as HTML
  Rendering static_pages/contact_us.html.erb within layouts/application
  Rendered static_pages/contact_us.html.erb within layouts/application (1.4ms)
  Rendered layouts/_header.html.erb (0.7ms)
Completed 200 OK in 53ms (Views: 50.4ms | ActiveRecord: 0.0ms)


Started GET "/static_pages/contact_us" for ::1 at 2020-08-27 15:18:42 +0800
Processing by StaticPagesController#contact_us as HTML
  Rendering static_pages/contact_us.html.erb within layouts/application
  Rendered static_pages/contact_us.html.erb within layouts/application (0.6ms)
  Rendered layouts/_header.html.erb (0.5ms)
Completed 200 OK in 22ms (Views: 20.9ms | ActiveRecord: 0.0ms)


Started GET "/static_pages/contact_us" for ::1 at 2020-08-27 15:18:43 +0800
Processing by StaticPagesController#contact_us as HTML
  Rendering static_pages/contact_us.html.erb within layouts/application
  Rendered static_pages/contact_us.html.erb within layouts/application (1.8ms)
  Rendered layouts/_header.html.erb (0.5ms)
Completed 200 OK in 42ms (Views: 37.5ms | ActiveRecord: 0.0ms)


Started GET "/static_pages/contact_us" for ::1 at 2020-08-27 15:18:43 +0800
Processing by StaticPagesController#contact_us as HTML
  Rendering static_pages/contact_us.html.erb within layouts/application
  Rendered static_pages/contact_us.html.erb within layouts/application (1.1ms)
  Rendered layouts/_header.html.erb (0.8ms)
Completed 200 OK in 56ms (Views: 52.7ms | ActiveRecord: 0.0ms)


Started GET "/static_pages/contact_us" for ::1 at 2020-08-27 15:18:43 +0800
Processing by StaticPagesController#contact_us as HTML
  Rendering static_pages/contact_us.html.erb within layouts/application
  Rendered static_pages/contact_us.html.erb within layouts/application (1.2ms)
  Rendered layouts/_header.html.erb (1.5ms)
Completed 200 OK in 66ms (Views: 62.8ms | ActiveRecord: 0.0ms)


Started GET "/static_pages/contact_us" for ::1 at 2020-08-27 15:18:44 +0800
Processing by StaticPagesController#contact_us as HTML
  Rendering static_pages/contact_us.html.erb within layouts/application
  Rendered static_pages/contact_us.html.erb within layouts/application (0.4ms)
  Rendered layouts/_header.html.erb (0.4ms)
Completed 200 OK in 14ms (Views: 13.3ms | ActiveRecord: 0.0ms)


Started GET "/static_pages/contact_us" for ::1 at 2020-08-27 15:18:45 +0800
Processing by StaticPagesController#contact_us as HTML
  Rendering static_pages/contact_us.html.erb within layouts/application
  Rendered static_pages/contact_us.html.erb within layouts/application (1.5ms)
  Rendered layouts/_header.html.erb (0.6ms)
Completed 200 OK in 65ms (Views: 62.1ms | ActiveRecord: 0.0ms)


Started GET "/" for ::1 at 2020-08-27 15:27:08 +0800
Processing by StaticPagesController#home as HTML
  Rendering static_pages/home.html.erb within layouts/application
  Rendered static_pages/home.html.erb within layouts/application (0.6ms)
Completed 500 Internal Server Error in 148ms (ActiveRecord: 0.0ms)


  
ActionView::Template::Error (File to import not found or unreadable: bootstrap-sprockets.
Load paths:
  /home/mizu/Desktop/sample_app/app/assets/config
  /home/mizu/Desktop/sample_app/app/assets/images
  /home/mizu/Desktop/sample_app/app/assets/javascripts
  /home/mizu/Desktop/sample_app/app/assets/stylesheets
  /usr/share/ruby-coffee-rails/lib/assets/javascripts
  /usr/share/rubygems-integration/all/gems/actioncable-5.2.3/lib/assets/compiled
  /usr/share/rubygems-integration/all/gems/activestorage-5.2.3/app/assets/javascripts
  /usr/share/rubygems-integration/all/gems/actionview-5.2.3/lib/assets/compiled
  /usr/share/rubygems-integration/all/gems/turbolinks-source-5.1.0/lib/assets/javascripts
  /home/mizu/Desktop/sample_app/node_modules):
     5:     <%= csrf_meta_tags %>
     6:     <%= csp_meta_tag %>
     7: 
     8:     <%= stylesheet_link_tag    'application', media: 'all', 'data-turbolinks-track': 'reload' %>
     9:     <%= javascript_include_tag 'application', 'data-turbolinks-track': 'reload' %>
    10:   </head>
    11: 
  
app/assets/stylesheets/application.scss:17
app/views/layouts/application.html.erb:8:in `_app_views_layouts_application_html_erb__1910025865493614248_13160'
Started GET "/" for ::1 at 2020-08-27 15:32:51 +0800
Processing by StaticPagesController#home as HTML
  Rendering static_pages/home.html.erb within layouts/application
  Rendered static_pages/home.html.erb within layouts/application (0.5ms)
Completed 500 Internal Server Error in 153ms (ActiveRecord: 0.0ms)


  
ActionView::Template::Error (File to import not found or unreadable: bcoffee-rails.
Load paths:
  /home/mizu/Desktop/sample_app/app/assets/config
  /home/mizu/Desktop/sample_app/app/assets/images
  /home/mizu/Desktop/sample_app/app/assets/javascripts
  /home/mizu/Desktop/sample_app/app/assets/stylesheets
  /usr/share/ruby-coffee-rails/lib/assets/javascripts
  /usr/share/rubygems-integration/all/gems/actioncable-5.2.3/lib/assets/compiled
  /usr/share/rubygems-integration/all/gems/activestorage-5.2.3/app/assets/javascripts
  /usr/share/rubygems-integration/all/gems/actionview-5.2.3/lib/assets/compiled
  /usr/share/rubygems-integration/all/gems/turbolinks-source-5.1.0/lib/assets/javascripts
  /home/mizu/Desktop/sample_app/node_modules):
     5:     <%= csrf_meta_tags %>
     6:     <%= csp_meta_tag %>
     7: 
     8:     <%= stylesheet_link_tag    'application', media: 'all', 'data-turbolinks-track': 'reload' %>
     9:     <%= javascript_include_tag 'application', 'data-turbolinks-track': 'reload' %>
    10:   </head>
    11: 
  
app/assets/stylesheets/application.scss:17
app/views/layouts/application.html.erb:8:in `_app_views_layouts_application_html_erb__4303536037033472739_13160'
Started GET "/" for ::1 at 2020-08-27 15:33:00 +0800
Processing by StaticPagesController#home as HTML
  Rendering static_pages/home.html.erb within layouts/application
  Rendered static_pages/home.html.erb within layouts/application (1.5ms)
Completed 500 Internal Server Error in 43ms (ActiveRecord: 0.0ms)


  
ActionView::Template::Error (File to import not found or unreadable: bcoffee-rails.
Load paths:
  /home/mizu/Desktop/sample_app/app/assets/config
  /home/mizu/Desktop/sample_app/app/assets/images
  /home/mizu/Desktop/sample_app/app/assets/javascripts
  /home/mizu/Desktop/sample_app/app/assets/stylesheets
  /usr/share/ruby-coffee-rails/lib/assets/javascripts
  /usr/share/rubygems-integration/all/gems/actioncable-5.2.3/lib/assets/compiled
  /usr/share/rubygems-integration/all/gems/activestorage-5.2.3/app/assets/javascripts
  /usr/share/rubygems-integration/all/gems/actionview-5.2.3/lib/assets/compiled
  /usr/share/rubygems-integration/all/gems/turbolinks-source-5.1.0/lib/assets/javascripts
  /home/mizu/Desktop/sample_app/node_modules):
     5:     <%= csrf_meta_tags %>
     6:     <%= csp_meta_tag %>
     7: 
     8:     <%= stylesheet_link_tag    'application', media: 'all', 'data-turbolinks-track': 'reload' %>
     9:     <%= javascript_include_tag 'application', 'data-turbolinks-track': 'reload' %>
    10:   </head>
    11: 
  
app/assets/stylesheets/application.scss:17
app/views/layouts/application.html.erb:8:in `_app_views_layouts_application_html_erb__4303536037033472739_13720'
Started GET "/" for ::1 at 2020-08-27 15:33:02 +0800
Processing by StaticPagesController#home as HTML
  Rendering static_pages/home.html.erb within layouts/application
  Rendered static_pages/home.html.erb within layouts/application (0.6ms)
Completed 500 Internal Server Error in 20ms (ActiveRecord: 0.0ms)


  
ActionView::Template::Error (File to import not found or unreadable: bcoffee-rails.
Load paths:
  /home/mizu/Desktop/sample_app/app/assets/config
  /home/mizu/Desktop/sample_app/app/assets/images
  /home/mizu/Desktop/sample_app/app/assets/javascripts
  /home/mizu/Desktop/sample_app/app/assets/stylesheets
  /usr/share/ruby-coffee-rails/lib/assets/javascripts
  /usr/share/rubygems-integration/all/gems/actioncable-5.2.3/lib/assets/compiled
  /usr/share/rubygems-integration/all/gems/activestorage-5.2.3/app/assets/javascripts
  /usr/share/rubygems-integration/all/gems/actionview-5.2.3/lib/assets/compiled
  /usr/share/rubygems-integration/all/gems/turbolinks-source-5.1.0/lib/assets/javascripts
  /home/mizu/Desktop/sample_app/node_modules):
     5:     <%= csrf_meta_tags %>
     6:     <%= csp_meta_tag %>
     7: 
     8:     <%= stylesheet_link_tag    'application', media: 'all', 'data-turbolinks-track': 'reload' %>
     9:     <%= javascript_include_tag 'application', 'data-turbolinks-track': 'reload' %>
    10:   </head>
    11: 
  
app/assets/stylesheets/application.scss:17
app/views/layouts/application.html.erb:8:in `_app_views_layouts_application_html_erb__4303536037033472739_14280'
Started GET "/" for ::1 at 2020-08-27 15:33:03 +0800
Processing by StaticPagesController#home as HTML
  Rendering static_pages/home.html.erb within layouts/application
  Rendered static_pages/home.html.erb within layouts/application (0.6ms)
Completed 500 Internal Server Error in 17ms (ActiveRecord: 0.0ms)


  
ActionView::Template::Error (File to import not found or unreadable: bcoffee-rails.
Load paths:
  /home/mizu/Desktop/sample_app/app/assets/config
  /home/mizu/Desktop/sample_app/app/assets/images
  /home/mizu/Desktop/sample_app/app/assets/javascripts
  /home/mizu/Desktop/sample_app/app/assets/stylesheets
  /usr/share/ruby-coffee-rails/lib/assets/javascripts
  /usr/share/rubygems-integration/all/gems/actioncable-5.2.3/lib/assets/compiled
  /usr/share/rubygems-integration/all/gems/activestorage-5.2.3/app/assets/javascripts
  /usr/share/rubygems-integration/all/gems/actionview-5.2.3/lib/assets/compiled
  /usr/share/rubygems-integration/all/gems/turbolinks-source-5.1.0/lib/assets/javascripts
  /home/mizu/Desktop/sample_app/node_modules):
     5:     <%= csrf_meta_tags %>
     6:     <%= csp_meta_tag %>
     7: 
     8:     <%= stylesheet_link_tag    'application', media: 'all', 'data-turbolinks-track': 'reload' %>
     9:     <%= javascript_include_tag 'application', 'data-turbolinks-track': 'reload' %>
    10:   </head>
    11: 
  
app/assets/stylesheets/application.scss:17
app/views/layouts/application.html.erb:8:in `_app_views_layouts_application_html_erb__4303536037033472739_14840'
Started GET "/" for ::1 at 2020-08-27 15:33:09 +0800
Processing by StaticPagesController#home as HTML
  Rendering static_pages/home.html.erb within layouts/application
  Rendered static_pages/home.html.erb within layouts/application (0.5ms)
  Rendered layouts/_header.html.erb (0.6ms)
Completed 200 OK in 103ms (Views: 102.8ms | ActiveRecord: 0.0ms)
=======
Started GET "/" for ::1 at 2020-08-20 16:18:04 +0800
Processing by Rails::WelcomeController#index as HTML
  Rendering /usr/share/rubygems-integration/all/gems/railties-5.2.3/lib/rails/templates/rails/welcome/index.html.erb
  Rendered /usr/share/rubygems-integration/all/gems/railties-5.2.3/lib/rails/templates/rails/welcome/index.html.erb (9.0ms)
Completed 200 OK in 55ms (Views: 35.6ms | ActiveRecord: 0.0ms)
>>>>>>> refs/remotes/origin/master


